{"C:\\stadium\\frontend\\src\\components\\SeverityBadge.tsx": {"path":"C:\\stadium\\frontend\\src\\components\\SeverityBadge.tsx","statementMap":{"0":{"start":{"line":14,"column":92},"end":{"line":19,"column":null}},"1":{"start":{"line":22,"column":17},"end":{"line":22,"column":null}},"2":{"start":{"line":23,"column":15},"end":{"line":23,"column":null}},"3":{"start":{"line":25,"column":2},"end":{"line":33,"column":null}}},"fnMap":{"0":{"name":"SeverityBadge","decl":{"start":{"line":21,"column":16},"end":{"line":21,"column":30}},"loc":{"start":{"line":21,"column":80},"end":{"line":35,"column":null}},"line":21}},"branchMap":{"0":{"loc":{"start":{"line":21,"column":42},"end":{"line":21,"column":80}},"type":"default-arg","locations":[{"start":{"line":21,"column":54},"end":{"line":21,"column":80}}],"line":21}},"s":{"0":3,"1":8,"2":8,"3":8},"f":{"0":8},"b":{"0":[8]},"meta":{"lastBranch":1,"lastFunction":1,"lastStatement":4,"seen":{"s:14:92:19:Infinity":0,"f:21:16:21:30":0,"b:21:54:21:80":0,"s:22:17:22:Infinity":1,"s:23:15:23:Infinity":2,"s:25:2:33:Infinity":3},"fnNames":{}}}
,"C:\\stadium\\frontend\\src\\components\\SkeletonLoader.tsx": {"path":"C:\\stadium\\frontend\\src\\components\\SkeletonLoader.tsx","statementMap":{"0":{"start":{"line":19,"column":2},"end":{"line":25,"column":null}},"1":{"start":{"line":31,"column":2},"end":{"line":37,"column":null}}},"fnMap":{"0":{"name":"Skeleton","decl":{"start":{"line":13,"column":16},"end":{"line":13,"column":25}},"loc":{"start":{"line":18,"column":18},"end":{"line":27,"column":null}},"line":18},"1":{"name":"SkeletonCard","decl":{"start":{"line":30,"column":16},"end":{"line":30,"column":29}},"loc":{"start":{"line":30,"column":73},"end":{"line":39,"column":null}},"line":30}},"branchMap":{"0":{"loc":{"start":{"line":14,"column":2},"end":{"line":14,"column":null}},"type":"default-arg","locations":[{"start":{"line":14,"column":10},"end":{"line":14,"column":null}}],"line":14},"1":{"loc":{"start":{"line":15,"column":2},"end":{"line":15,"column":null}},"type":"default-arg","locations":[{"start":{"line":15,"column":11},"end":{"line":15,"column":null}}],"line":15},"2":{"loc":{"start":{"line":16,"column":2},"end":{"line":16,"column":null}},"type":"default-arg","locations":[{"start":{"line":16,"column":14},"end":{"line":16,"column":null}}],"line":16},"3":{"loc":{"start":{"line":17,"column":2},"end":{"line":17,"column":null}},"type":"default-arg","locations":[{"start":{"line":17,"column":12},"end":{"line":17,"column":null}}],"line":17},"4":{"loc":{"start":{"line":21,"column":29},"end":{"line":21,"column":60}},"type":"cond-expr","locations":[{"start":{"line":21,"column":39},"end":{"line":21,"column":57}},{"start":{"line":21,"column":57},"end":{"line":21,"column":60}}],"line":21},"5":{"loc":{"start":{"line":30,"column":31},"end":{"line":30,"column":73}},"type":"default-arg","locations":[{"start":{"line":30,"column":43},"end":{"line":30,"column":73}}],"line":30}},"s":{"0":1,"1":0},"f":{"0":1,"1":0},"b":{"0":[1],"1":[1],"2":[1],"3":[1],"4":[0,1],"5":[0]},"meta":{"lastBranch":6,"lastFunction":2,"lastStatement":2,"seen":{"f:13:16:13:25":0,"b:14:10:14:Infinity":0,"b:15:11:15:Infinity":1,"b:16:14:16:Infinity":2,"b:17:12:17:Infinity":3,"s:19:2:25:Infinity":0,"b:21:39:21:57:21:57:21:60":4,"f:30:16:30:29":1,"b:30:43:30:73":5,"s:31:2:37:Infinity":1},"fnNames":{}}}
,"C:\\stadium\\frontend\\src\\data\\constants.ts": {"path":"C:\\stadium\\frontend\\src\\data\\constants.ts","statementMap":{"0":{"start":{"line":33,"column":38},"end":{"line":61,"column":null}},"1":{"start":{"line":68,"column":2},"end":{"line":74,"column":null}},"2":{"start":{"line":80,"column":52},"end":{"line":109,"column":null}},"3":{"start":{"line":115,"column":38},"end":{"line":136,"column":null}},"4":{"start":{"line":142,"column":33},"end":{"line":148,"column":null}},"5":{"start":{"line":154,"column":33},"end":{"line":188,"column":null}},"6":{"start":{"line":194,"column":54},"end":{"line":209,"column":null}}},"fnMap":{},"branchMap":{},"s":{"0":2,"1":2,"2":2,"3":2,"4":2,"5":2,"6":2},"f":{},"b":{},"meta":{"lastBranch":0,"lastFunction":0,"lastStatement":7,"seen":{"s:33:38:61:Infinity":0,"s:68:2:74:Infinity":1,"s:80:52:109:Infinity":2,"s:115:38:136:Infinity":3,"s:142:33:148:Infinity":4,"s:154:33:188:Infinity":5,"s:194:54:209:Infinity":6},"fnNames":{}}}
,"C:\\stadium\\frontend\\src\\pages\\HeroPage.tsx": {"path":"C:\\stadium\\frontend\\src\\pages\\HeroPage.tsx","statementMap":{"0":{"start":{"line":32,"column":49},"end":{"line":37,"column":null}},"1":{"start":{"line":39,"column":49},"end":{"line":45,"column":null}},"2":{"start":{"line":48,"column":19},"end":{"line":48,"column":31}},"3":{"start":{"line":50,"column":2},"end":{"line":337,"column":null}},"4":{"start":{"line":64,"column":14},"end":{"line":72,"column":null}},"5":{"start":{"line":105,"column":29},"end":{"line":105,"column":null}},"6":{"start":{"line":130,"column":12},"end":{"line":149,"column":null}},"7":{"start":{"line":171,"column":27},"end":{"line":171,"column":null}},"8":{"start":{"line":172,"column":14},"end":{"line":189,"column":null}},"9":{"start":{"line":274,"column":25},"end":{"line":274,"column":null}},"10":{"start":{"line":275,"column":12},"end":{"line":282,"column":null}},"11":{"start":{"line":303,"column":14},"end":{"line":320,"column":null}}},"fnMap":{"0":{"name":"HeroPage","decl":{"start":{"line":47,"column":16},"end":{"line":47,"column":27}},"loc":{"start":{"line":47,"column":27},"end":{"line":339,"column":null}},"line":47},"1":{"name":"(anonymous_1)","decl":{"start":{"line":63,"column":41},"end":{"line":63,"column":46}},"loc":{"start":{"line":64,"column":14},"end":{"line":72,"column":null}},"line":64},"2":{"name":"(anonymous_2)","decl":{"start":{"line":105,"column":14},"end":{"line":105,"column":29}},"loc":{"start":{"line":105,"column":29},"end":{"line":105,"column":null}},"line":105},"3":{"name":"(anonymous_3)","decl":{"start":{"line":129,"column":22},"end":{"line":129,"column":27}},"loc":{"start":{"line":130,"column":12},"end":{"line":149,"column":null}},"line":130},"4":{"name":"(anonymous_4)","decl":{"start":{"line":170,"column":32},"end":{"line":170,"column":37}},"loc":{"start":{"line":170,"column":62},"end":{"line":191,"column":13}},"line":170},"5":{"name":"(anonymous_5)","decl":{"start":{"line":273,"column":29},"end":{"line":273,"column":34}},"loc":{"start":{"line":273,"column":77},"end":{"line":284,"column":11}},"line":273},"6":{"name":"(anonymous_6)","decl":{"start":{"line":302,"column":21},"end":{"line":302,"column":26}},"loc":{"start":{"line":303,"column":14},"end":{"line":320,"column":null}},"line":303}},"branchMap":{"0":{"loc":{"start":{"line":143,"column":17},"end":{"line":148,"column":null}},"type":"binary-expr","locations":[{"start":{"line":143,"column":17},"end":{"line":143,"column":null}},{"start":{"line":144,"column":18},"end":{"line":148,"column":null}}],"line":143},"1":{"loc":{"start":{"line":171,"column":27},"end":{"line":171,"column":null}},"type":"binary-expr","locations":[{"start":{"line":171,"column":27},"end":{"line":171,"column":52}},{"start":{"line":171,"column":52},"end":{"line":171,"column":null}}],"line":171},"2":{"loc":{"start":{"line":274,"column":25},"end":{"line":274,"column":null}},"type":"binary-expr","locations":[{"start":{"line":274,"column":25},"end":{"line":274,"column":51}},{"start":{"line":274,"column":51},"end":{"line":274,"column":null}}],"line":274},"3":{"loc":{"start":{"line":307,"column":17},"end":{"line":318,"column":null}},"type":"binary-expr","locations":[{"start":{"line":307,"column":17},"end":{"line":307,"column":null}},{"start":{"line":308,"column":18},"end":{"line":318,"column":null}}],"line":307}},"s":{"0":2,"1":2,"2":4,"3":4,"4":24,"5":0,"6":16,"7":16,"8":16,"9":20,"10":20,"11":24},"f":{"0":4,"1":24,"2":0,"3":16,"4":16,"5":20,"6":24},"b":{"0":[16,12],"1":[16,0],"2":[20,0],"3":[24,0]},"meta":{"lastBranch":4,"lastFunction":7,"lastStatement":12,"seen":{"s:32:49:37:Infinity":0,"s:39:49:45:Infinity":1,"f:47:16:47:27":0,"s:48:19:48:31":2,"s:50:2:337:Infinity":3,"f:63:41:63:46":1,"s:64:14:72:Infinity":4,"f:105:14:105:29":2,"s:105:29:105:Infinity":5,"f:129:22:129:27":3,"s:130:12:149:Infinity":6,"b:143:17:143:Infinity:144:18:148:Infinity":0,"f:170:32:170:37":4,"s:171:27:171:Infinity":7,"b:171:27:171:52:171:52:171:Infinity":1,"s:172:14:189:Infinity":8,"f:273:29:273:34":5,"s:274:25:274:Infinity":9,"b:274:25:274:51:274:51:274:Infinity":2,"s:275:12:282:Infinity":10,"f:302:21:302:26":6,"s:303:14:320:Infinity":11,"b:307:17:307:Infinity:308:18:318:Infinity":3},"fnNames":{}}}
}
